d:\storage\repo\aobi\build\pyorbbecsdk.dir\debug\vc143.pdb
d:\storage\repo\aobi\build\pyorbbecsdk.dir\debug\utils.obj
d:\storage\repo\aobi\build\pyorbbecsdk.dir\debug\types.obj
d:\storage\repo\aobi\build\pyorbbecsdk.dir\debug\stream_profile.obj
d:\storage\repo\aobi\build\pyorbbecsdk.dir\debug\sensor.obj
d:\storage\repo\aobi\build\pyorbbecsdk.dir\debug\record_playback.obj
d:\storage\repo\aobi\build\pyorbbecsdk.dir\debug\properties.obj
d:\storage\repo\aobi\build\pyorbbecsdk.dir\debug\pipeline.obj
d:\storage\repo\aobi\build\pyorbbecsdk.dir\debug\frame.obj
d:\storage\repo\aobi\build\pyorbbecsdk.dir\debug\filter.obj
d:\storage\repo\aobi\build\pyorbbecsdk.dir\debug\error.obj
d:\storage\repo\aobi\build\pyorbbecsdk.dir\debug\device.obj
d:\storage\repo\aobi\build\pyorbbecsdk.dir\debug\context.obj
d:\storage\repo\aobi\build\pyorbbecsdk.dir\debug\pyorbbecsdk.obj
d:\storage\repo\aobi\build\cmakefiles\generate.stamp
d:\storage\repo\aobi\build\debug\pyorbbecsdk.cp311-win_amd64.pyd
d:\storage\repo\aobi\build\debug\pyorbbecsdk.pdb
d:\storage\repo\aobi\build\debug\pyorbbecsdk.lib
d:\storage\repo\aobi\build\debug\pyorbbecsdk.exp
d:\storage\repo\aobi\build\pyorbbecsdk.dir\debug\pyorbbecsdk.cp311-win_amd64.ilk
d:\storage\repo\aobi\build\pyorbbecsdk.dir\debug\pyorbbecsdk.tlog\cl.command.1.tlog
d:\storage\repo\aobi\build\pyorbbecsdk.dir\debug\pyorbbecsdk.tlog\cl.items.tlog
d:\storage\repo\aobi\build\pyorbbecsdk.dir\debug\pyorbbecsdk.tlog\cl.read.1.tlog
d:\storage\repo\aobi\build\pyorbbecsdk.dir\debug\pyorbbecsdk.tlog\cl.write.1.tlog
d:\storage\repo\aobi\build\pyorbbecsdk.dir\debug\pyorbbecsdk.tlog\custombuild.command.1.tlog
d:\storage\repo\aobi\build\pyorbbecsdk.dir\debug\pyorbbecsdk.tlog\custombuild.read.1.tlog
d:\storage\repo\aobi\build\pyorbbecsdk.dir\debug\pyorbbecsdk.tlog\custombuild.write.1.tlog
d:\storage\repo\aobi\build\pyorbbecsdk.dir\debug\pyorbbecsdk.tlog\link.command.1.tlog
d:\storage\repo\aobi\build\pyorbbecsdk.dir\debug\pyorbbecsdk.tlog\link.read.1.tlog
d:\storage\repo\aobi\build\pyorbbecsdk.dir\debug\pyorbbecsdk.tlog\link.secondary.1.tlog
d:\storage\repo\aobi\build\pyorbbecsdk.dir\debug\pyorbbecsdk.tlog\link.write.1.tlog
