  Building Custom Rule D:/Storage/Repo/aobi/pyorbbecsdk-1.3.3/CMakeLists.txt
cl : 命令行  warning D9002: 忽略未知选项“-fPIC”
cl : 命令行  warning D9002: 忽略未知选项“-O3”
cl : 命令行  warning D9002: 忽略未知选项“-fPIC”
cl : 命令行  warning D9002: 忽略未知选项“-g”
cl : 命令行  warning D9002: 忽略未知选项“-fPIC”
cl : 命令行  warning D9002: 忽略未知选项“-g”
  pyorbbecsdk.cpp
  context.cpp
  device.cpp
  error.cpp
  filter.cpp
  frame.cpp
  pipeline.cpp
  properties.cpp
  record_playback.cpp
  sensor.cpp
  stream_profile.cpp
  types.cpp
  utils.cpp
  正在生成代码...
    正在创建库 D:/Storage/Repo/aobi/build/Debug/pyorbbecsdk.lib 和对象 D:/Storage/Repo/aobi/build/Debug/pyorbbecsdk.exp
  pyorbbecsdk.vcxproj -> D:\Storage\Repo\aobi\build\Debug\pyorbbecsdk.cp311-win_amd64.pyd
